Replace Part * Potenciometer in C:\Users\nic30\Documents\altium\Projects\UULD_0\hw\PowerBoard.SchDoc with Potenciometer from Altium_okruh_miscLib.IntLib
Replace Part * Potenciometer in C:\Users\nic30\Documents\altium\Projects\UULD_0\hw\PowerBoard.SchDoc with Potenciometer from Altium_okruh_miscLib.IntLib
Replace Part * Speaker terminal 4P in C:\Users\nic30\Documents\altium\Projects\UULD_0\hw\PowerBoard.SchDoc with Speaker terminal 4P from Altium_okruh_miscLib.IntLib
Replace Part C1 EL 100u/35V in C:\Users\nic30\Documents\altium\Projects\UULD_0\hw\PowerBoard.SchDoc with EL 100u/35V from SMD-RCL.IntLib
Replace Part C2 C-0805  100V 10n in C:\Users\nic30\Documents\altium\Projects\UULD_0\hw\PowerBoard.SchDoc with C-0805  100V 10n from SMD-RCL.IntLib
Replace Part C6 C-0805  100V 10n in C:\Users\nic30\Documents\altium\Projects\UULD_0\hw\PowerBoard.SchDoc with C-0805  100V 10n from SMD-RCL.IntLib
Replace Part C7 EL 100u/35V in C:\Users\nic30\Documents\altium\Projects\UULD_0\hw\PowerBoard.SchDoc with EL 100u/35V from SMD-RCL.IntLib
Replace Part C8 C-0805  100V 10n in C:\Users\nic30\Documents\altium\Projects\UULD_0\hw\PowerBoard.SchDoc with C-0805  100V 10n from SMD-RCL.IntLib
Replace Part C? C-0805  100V 10n in C:\Users\nic30\Documents\altium\Projects\UULD_0\hw\PowerBoard.SchDoc with C-0805  100V 10n from SMD-RCL.IntLib
Replace Part C? EL 100u/35V in C:\Users\nic30\Documents\altium\Projects\UULD_0\hw\PowerBoard.SchDoc with EL 100u/35V from SMD-RCL.IntLib
Replace Part C? C-0805  100V 10n in C:\Users\nic30\Documents\altium\Projects\UULD_0\hw\PowerBoard.SchDoc with C-0805  100V 10n from SMD-RCL.IntLib
Replace Part C? EL 100u/35V in C:\Users\nic30\Documents\altium\Projects\UULD_0\hw\PowerBoard.SchDoc with EL 100u/35V from SMD-RCL.IntLib
Replace Part D1 Diode in C:\Users\nic30\Documents\altium\Projects\UULD_0\hw\PowerBoard.SchDoc with Diode from Miscellaneous Devices.IntLib
Replace Part D2 D Zener in C:\Users\nic30\Documents\altium\Projects\UULD_0\hw\PowerBoard.SchDoc with D Zener from Miscellaneous Devices.IntLib
Replace Part DC-DC-A universal DC/DC in C:\Users\nic30\Documents\altium\Projects\UULD_0\hw\PowerBoard.SchDoc with universal DC/DC from Altium_okruh_miscLib.IntLib
Replace Part DC-DC-B universal DC/DC in C:\Users\nic30\Documents\altium\Projects\UULD_0\hw\PowerBoard.SchDoc with universal DC/DC from Altium_okruh_miscLib.IntLib
Replace Part DC-DC-METER-A INA291 in C:\Users\nic30\Documents\altium\Projects\UULD_0\hw\PowerBoard.SchDoc with INA291 from Altium_okruh_miscLib.IntLib
Replace Part DC-DC-METER-B INA291 in C:\Users\nic30\Documents\altium\Projects\UULD_0\hw\PowerBoard.SchDoc with INA291 from Altium_okruh_miscLib.IntLib
Replace Part H1 H-1x2 in C:\Users\nic30\Documents\altium\Projects\UULD_0\hw\PowerBoard.SchDoc with H-1x2 from Connektor.IntLib
Replace Part H? H-2x4 in C:\Users\nic30\Documents\altium\Projects\UULD_0\hw\PowerBoard.SchDoc with H-2x4 from Connektor.IntLib
Replace Part H? H-2x4 in C:\Users\nic30\Documents\altium\Projects\UULD_0\hw\PowerBoard.SchDoc with H-2x4 from Connektor.IntLib
Replace Part H? H-2x4 in C:\Users\nic30\Documents\altium\Projects\UULD_0\hw\PowerBoard.SchDoc with H-2x4 from Connektor.IntLib
Replace Part H? H-2x4 in C:\Users\nic30\Documents\altium\Projects\UULD_0\hw\PowerBoard.SchDoc with H-2x4 from Connektor.IntLib
Replace Part H? H-1x4 in C:\Users\nic30\Documents\altium\Projects\UULD_0\hw\PowerBoard.SchDoc with H-1x4 from Connektor.IntLib
Replace Part H? H-1x3 in C:\Users\nic30\Documents\altium\Projects\UULD_0\hw\PowerBoard.SchDoc with H-1x3 from Connektor.IntLib
Replace Part H? H-1x4 in C:\Users\nic30\Documents\altium\Projects\UULD_0\hw\PowerBoard.SchDoc with H-1x4 from Connektor.IntLib
Replace Part H? H-1x4 in C:\Users\nic30\Documents\altium\Projects\UULD_0\hw\PowerBoard.SchDoc with H-1x4 from Connektor.IntLib
Replace Part H? H-1x4 in C:\Users\nic30\Documents\altium\Projects\UULD_0\hw\PowerBoard.SchDoc with H-1x4 from Connektor.IntLib
Replace Part H? H-1x3 in C:\Users\nic30\Documents\altium\Projects\UULD_0\hw\PowerBoard.SchDoc with H-1x3 from Connektor.IntLib
Replace Part H? H-1x2 in C:\Users\nic30\Documents\altium\Projects\UULD_0\hw\PowerBoard.SchDoc with H-1x2 from Connektor.IntLib
Replace Part H? H-1x3 in C:\Users\nic30\Documents\altium\Projects\UULD_0\hw\PowerBoard.SchDoc with H-1x3 from Connektor.IntLib
Replace Part H? H-1x3 in C:\Users\nic30\Documents\altium\Projects\UULD_0\hw\PowerBoard.SchDoc with H-1x3 from Connektor.IntLib
Replace Part LD_3.3V_OK Led 0805 KP-2012SGC in C:\Users\nic30\Documents\altium\Projects\UULD_0\hw\PowerBoard.SchDoc with Led 0805 KP-2012SGC from Ind LED-LCD.IntLib
Replace Part LD_12V_OK Led 0805 KP-2012SGC in C:\Users\nic30\Documents\altium\Projects\UULD_0\hw\PowerBoard.SchDoc with Led 0805 KP-2012SGC from Ind LED-LCD.IntLib
Replace Part LD_19.5V_OK Led 0805 KP-2012SGC in C:\Users\nic30\Documents\altium\Projects\UULD_0\hw\PowerBoard.SchDoc with Led 0805 KP-2012SGC from Ind LED-LCD.IntLib
Replace Part R1 R-0805 in C:\Users\nic30\Documents\altium\Projects\UULD_0\hw\PowerBoard.SchDoc with R-0805 from SMD-RCL.IntLib
Replace Part R2 R-0805 in C:\Users\nic30\Documents\altium\Projects\UULD_0\hw\PowerBoard.SchDoc with R-0805 from SMD-RCL.IntLib
Replace Part R3 R-0805 in C:\Users\nic30\Documents\altium\Projects\UULD_0\hw\PowerBoard.SchDoc with R-0805 from SMD-RCL.IntLib
Replace Part R6 R-0805 in C:\Users\nic30\Documents\altium\Projects\UULD_0\hw\PowerBoard.SchDoc with R-0805 from SMD-RCL.IntLib
Replace Part R7 R-0805 in C:\Users\nic30\Documents\altium\Projects\UULD_0\hw\PowerBoard.SchDoc with R-0805 from SMD-RCL.IntLib
Replace Part R10 R-0805 in C:\Users\nic30\Documents\altium\Projects\UULD_0\hw\PowerBoard.SchDoc with R-0805 from SMD-RCL.IntLib
Replace Part R10 R-0805 in C:\Users\nic30\Documents\altium\Projects\UULD_0\hw\PowerBoard.SchDoc with R-0805 from SMD-RCL.IntLib
Replace Part R11 R-0805 in C:\Users\nic30\Documents\altium\Projects\UULD_0\hw\PowerBoard.SchDoc with R-0805 from SMD-RCL.IntLib
Replace Part R14 R-0805 in C:\Users\nic30\Documents\altium\Projects\UULD_0\hw\PowerBoard.SchDoc with R-0805 from SMD-RCL.IntLib
Replace Part R19 R-0805 in C:\Users\nic30\Documents\altium\Projects\UULD_0\hw\PowerBoard.SchDoc with R-0805 from SMD-RCL.IntLib
Replace Part U1 7812 in C:\Users\nic30\Documents\altium\Projects\UULD_0\hw\PowerBoard.SchDoc with 7812 from Power IC.IntLib
