Removed Pin From Net: NetName=SLC Pin=H-I2C-1-2
Removed Pin From Net: NetName=VCC3.3 Pin=H-I2C-1-3
Removed Pin From Net: NetName=GND Pin=H-I2C-1-4
Removed Pin From Net: NetName=SLC Pin=H-I2C-2-2
Removed Pin From Net: NetName=VCC3.3 Pin=H-I2C-2-3
Removed Pin From Net: NetName=GND Pin=H-I2C-2-4
Removed Pin From Net: NetName=SDA Pin=H-I2C-3-1
Removed Pin From Net: NetName=SLC Pin=H-I2C-3-2
Removed Pin From Net: NetName=VCC3.3 Pin=H-I2C-3-3
Removed Pin From Net: NetName=GND Pin=H-I2C-3-4
Removed Pin From Net: NetName=VCC3.3 Pin=H-ONE_WIRE-1-1
Removed Pin From Net: NetName=1WIRE Pin=H-ONE_WIRE-1-2
Removed Pin From Net: NetName=GND Pin=H-ONE_WIRE-1-3
Removed Pin From Net: NetName=VCC3.3 Pin=H-ONE_WIRE-2-1
Removed Pin From Net: NetName=1WIRE Pin=H-ONE_WIRE-2-2
Removed Pin From Net: NetName=GND Pin=H-ONE_WIRE-2-3
Removed Member From Class: ClassName=PowerBoard Member=H-I2C-3
Removed Member From Class: ClassName=PowerBoard Member=H-ONE_WIRE-1
Removed Member From Class: ClassName=PowerBoard Member=H-ONE_WIRE-2
Change Component DesignItemId : Designator=D1 Old DesignItemId=Diode New DesignItemId=MCL4148
Change Component DesignItemId : Designator=H-I2C-1 Old DesignItemId=H-1x4 New DesignItemId=H-2x4
Change Component DesignItemId : Designator=H-I2C-2 Old DesignItemId=H-1x4 New DesignItemId=H-2x4
Change Component Footprint: Designator=H-I2C-1 Old Footprint=J1x4 New Footprint=J2x4
Change Component Footprint: Designator=H-I2C-2 Old Footprint=J1x4 New Footprint=J2x4
Change Component Footprint: Designator=R4 Old Footprint=R0805 New Footprint=R2512
Change Component Footprint: Designator=R11 Old Footprint=R0805 New Footprint=R2512
Change Component Footprint: Designator=D1 Old Footprint=SMC New Footprint=Micro-Melf
Change Component Comment : Designator=D1 Old Comment=Diode New Comment=LL4148
Change Component Comment : Designator=H-I2C-1 Old Comment=H-1x4 New Comment=H-2x4
Change Component Comment : Designator=H-I2C-2 Old Comment=H-1x4 New Comment=H-2x4
Added Component: Designator=H?(J2x3)
Added Pin To Net: NetName=SDA Pin=H-I2C-1-2
Added Pin To Net: NetName=SLC Pin=H-I2C-1-3
Added Pin To Net: NetName=SLC Pin=H-I2C-1-4
Added Pin To Net: NetName=VCC3.3 Pin=H-I2C-1-5
Added Pin To Net: NetName=VCC3.3 Pin=H-I2C-1-6
Added Pin To Net: NetName=GND Pin=H-I2C-1-7
Added Pin To Net: NetName=GND Pin=H-I2C-1-8
Added Pin To Net: NetName=SDA Pin=H-I2C-2-2
Added Pin To Net: NetName=SLC Pin=H-I2C-2-3
Added Pin To Net: NetName=SLC Pin=H-I2C-2-4
Added Pin To Net: NetName=VCC3.3 Pin=H-I2C-2-5
Added Pin To Net: NetName=VCC3.3 Pin=H-I2C-2-6
Added Pin To Net: NetName=GND Pin=H-I2C-2-7
Added Pin To Net: NetName=GND Pin=H-I2C-2-8
Added Pin To Net: NetName=VCC3.3 Pin=H?-1
Added Pin To Net: NetName=VCC3.3 Pin=H?-2
Added Pin To Net: NetName=1WIRE Pin=H?-3
Added Pin To Net: NetName=1WIRE Pin=H?-4
Added Pin To Net: NetName=GND Pin=H?-5
Added Pin To Net: NetName=GND Pin=H?-6
Added Member To Class: ClassName=PowerBoard Member=Component H? H-2x3
